{
  "0 debug pnpm:scope": {
    "selected": 1
  },
  "1 info pnpm": {
    "err": {
      "name": "Error",
      "message": "Command failed with ENOENT: create vite\nspawn create ENOENT",
      "code": "ENOENT",
      "stack": "Error: Command failed with ENOENT: create vite\nspawn create ENOENT\n    at Process.ChildProcess._handle.onexit (node:internal/child_process:282:19)\n    at onErrorNT (node:internal/child_process:477:16)\n    at processTicksAndRejections (node:internal/process/task_queues:83:21)"
    }
  },
  "2 error pnpm": {
    "errno": -2,
    "code": "ERR_PNPM_RECURSIVE_EXEC_FIRST_FAIL",
    "syscall": "spawn create",
    "path": "create",
    "spawnargs": [
      "vite"
    ],
    "originalMessage": "spawn create ENOENT",
    "shortMessage": "Command failed with ENOENT: create vite\nspawn create ENOENT",
    "command": "create vite",
    "escapedCommand": "create vite",
    "failed": true,
    "timedOut": false,
    "isCanceled": false,
    "killed": false,
    "prefix": "/Users/lixu/code/Today-UI",
    "err": {
      "name": "Error",
      "message": "Command failed with ENOENT: create vite\nspawn create ENOENT",
      "code": "ERR_PNPM_RECURSIVE_EXEC_FIRST_FAIL",
      "stack": "Error: Command failed with ENOENT: create vite\nspawn create ENOENT\n    at Process.ChildProcess._handle.onexit (node:internal/child_process:282:19)\n    at onErrorNT (node:internal/child_process:477:16)\n    at processTicksAndRejections (node:internal/process/task_queues:83:21)"
    }
  }
}